ARM GAS  /tmp/ccpXykE7.s 			page 1


   1              		.cpu cortex-m3
   2              		.arch armv7-m
   3              		.fpu softvfp
   4              		.eabi_attribute 20, 1
   5              		.eabi_attribute 21, 1
   6              		.eabi_attribute 23, 3
   7              		.eabi_attribute 24, 1
   8              		.eabi_attribute 25, 1
   9              		.eabi_attribute 26, 1
  10              		.eabi_attribute 30, 1
  11              		.eabi_attribute 34, 1
  12              		.eabi_attribute 18, 4
  13              		.file	"usbd_cdc_if.c"
  14              		.text
  15              	.Ltext0:
  16              		.cfi_sections	.debug_frame
  17              		.section	.text.CDC_DeInit_FS,"ax",%progbits
  18              		.align	1
  19              		.syntax unified
  20              		.thumb
  21              		.thumb_func
  23              	CDC_DeInit_FS:
  24              	.LFB69:
  25              		.file 1 "USB_DEVICE/App/usbd_cdc_if.c"
   1:USB_DEVICE/App/usbd_cdc_if.c **** /* USER CODE BEGIN Header */
   2:USB_DEVICE/App/usbd_cdc_if.c **** /**
   3:USB_DEVICE/App/usbd_cdc_if.c ****  ******************************************************************************
   4:USB_DEVICE/App/usbd_cdc_if.c ****  * @file           : usbd_cdc_if.c
   5:USB_DEVICE/App/usbd_cdc_if.c ****  * @version        : v2.0_Cube
   6:USB_DEVICE/App/usbd_cdc_if.c ****  * @brief          : Usb device for Virtual Com Port.
   7:USB_DEVICE/App/usbd_cdc_if.c ****  ******************************************************************************
   8:USB_DEVICE/App/usbd_cdc_if.c ****  * @attention
   9:USB_DEVICE/App/usbd_cdc_if.c ****  *
  10:USB_DEVICE/App/usbd_cdc_if.c ****  * Copyright (c) 2022 STMicroelectronics.
  11:USB_DEVICE/App/usbd_cdc_if.c ****  * All rights reserved.
  12:USB_DEVICE/App/usbd_cdc_if.c ****  *
  13:USB_DEVICE/App/usbd_cdc_if.c ****  * This software is licensed under terms that can be found in the LICENSE file
  14:USB_DEVICE/App/usbd_cdc_if.c ****  * in the root directory of this software component.
  15:USB_DEVICE/App/usbd_cdc_if.c ****  * If no LICENSE file comes with this software, it is provided AS-IS.
  16:USB_DEVICE/App/usbd_cdc_if.c ****  *
  17:USB_DEVICE/App/usbd_cdc_if.c ****  ******************************************************************************
  18:USB_DEVICE/App/usbd_cdc_if.c ****  */
  19:USB_DEVICE/App/usbd_cdc_if.c **** /* USER CODE END Header */
  20:USB_DEVICE/App/usbd_cdc_if.c **** 
  21:USB_DEVICE/App/usbd_cdc_if.c **** /* Includes ------------------------------------------------------------------*/
  22:USB_DEVICE/App/usbd_cdc_if.c **** #include "usbd_cdc_if.h"
  23:USB_DEVICE/App/usbd_cdc_if.c **** 
  24:USB_DEVICE/App/usbd_cdc_if.c **** /* USER CODE BEGIN INCLUDE */
  25:USB_DEVICE/App/usbd_cdc_if.c **** 
  26:USB_DEVICE/App/usbd_cdc_if.c **** /* USER CODE END INCLUDE */
  27:USB_DEVICE/App/usbd_cdc_if.c **** 
  28:USB_DEVICE/App/usbd_cdc_if.c **** /* Private typedef -----------------------------------------------------------*/
  29:USB_DEVICE/App/usbd_cdc_if.c **** /* Private define ------------------------------------------------------------*/
  30:USB_DEVICE/App/usbd_cdc_if.c **** /* Private macro -------------------------------------------------------------*/
  31:USB_DEVICE/App/usbd_cdc_if.c **** 
  32:USB_DEVICE/App/usbd_cdc_if.c **** /* USER CODE BEGIN PV */
  33:USB_DEVICE/App/usbd_cdc_if.c **** /* Private variables ---------------------------------------------------------*/
ARM GAS  /tmp/ccpXykE7.s 			page 2


  34:USB_DEVICE/App/usbd_cdc_if.c **** 
  35:USB_DEVICE/App/usbd_cdc_if.c **** /* USER CODE END PV */
  36:USB_DEVICE/App/usbd_cdc_if.c **** 
  37:USB_DEVICE/App/usbd_cdc_if.c **** /** @addtogroup STM32_USB_OTG_DEVICE_LIBRARY
  38:USB_DEVICE/App/usbd_cdc_if.c ****   * @brief Usb device library.
  39:USB_DEVICE/App/usbd_cdc_if.c ****   * @{
  40:USB_DEVICE/App/usbd_cdc_if.c ****   */
  41:USB_DEVICE/App/usbd_cdc_if.c **** 
  42:USB_DEVICE/App/usbd_cdc_if.c **** /** @addtogroup USBD_CDC_IF
  43:USB_DEVICE/App/usbd_cdc_if.c ****   * @{
  44:USB_DEVICE/App/usbd_cdc_if.c ****   */
  45:USB_DEVICE/App/usbd_cdc_if.c **** 
  46:USB_DEVICE/App/usbd_cdc_if.c **** /** @defgroup USBD_CDC_IF_Private_TypesDefinitions USBD_CDC_IF_Private_TypesDefinitions
  47:USB_DEVICE/App/usbd_cdc_if.c ****   * @brief Private types.
  48:USB_DEVICE/App/usbd_cdc_if.c ****   * @{
  49:USB_DEVICE/App/usbd_cdc_if.c ****   */
  50:USB_DEVICE/App/usbd_cdc_if.c **** 
  51:USB_DEVICE/App/usbd_cdc_if.c **** /* USER CODE BEGIN PRIVATE_TYPES */
  52:USB_DEVICE/App/usbd_cdc_if.c **** 
  53:USB_DEVICE/App/usbd_cdc_if.c **** /* USER CODE END PRIVATE_TYPES */
  54:USB_DEVICE/App/usbd_cdc_if.c **** 
  55:USB_DEVICE/App/usbd_cdc_if.c **** /**
  56:USB_DEVICE/App/usbd_cdc_if.c ****   * @}
  57:USB_DEVICE/App/usbd_cdc_if.c ****   */
  58:USB_DEVICE/App/usbd_cdc_if.c **** 
  59:USB_DEVICE/App/usbd_cdc_if.c **** /** @defgroup USBD_CDC_IF_Private_Defines USBD_CDC_IF_Private_Defines
  60:USB_DEVICE/App/usbd_cdc_if.c ****   * @brief Private defines.
  61:USB_DEVICE/App/usbd_cdc_if.c ****   * @{
  62:USB_DEVICE/App/usbd_cdc_if.c ****   */
  63:USB_DEVICE/App/usbd_cdc_if.c **** 
  64:USB_DEVICE/App/usbd_cdc_if.c **** /* USER CODE BEGIN PRIVATE_DEFINES */
  65:USB_DEVICE/App/usbd_cdc_if.c **** /* USER CODE END PRIVATE_DEFINES */
  66:USB_DEVICE/App/usbd_cdc_if.c **** 
  67:USB_DEVICE/App/usbd_cdc_if.c **** /**
  68:USB_DEVICE/App/usbd_cdc_if.c ****   * @}
  69:USB_DEVICE/App/usbd_cdc_if.c ****   */
  70:USB_DEVICE/App/usbd_cdc_if.c **** 
  71:USB_DEVICE/App/usbd_cdc_if.c **** /** @defgroup USBD_CDC_IF_Private_Macros USBD_CDC_IF_Private_Macros
  72:USB_DEVICE/App/usbd_cdc_if.c ****   * @brief Private macros.
  73:USB_DEVICE/App/usbd_cdc_if.c ****   * @{
  74:USB_DEVICE/App/usbd_cdc_if.c ****   */
  75:USB_DEVICE/App/usbd_cdc_if.c **** 
  76:USB_DEVICE/App/usbd_cdc_if.c **** /* USER CODE BEGIN PRIVATE_MACRO */
  77:USB_DEVICE/App/usbd_cdc_if.c **** 
  78:USB_DEVICE/App/usbd_cdc_if.c **** /* USER CODE END PRIVATE_MACRO */
  79:USB_DEVICE/App/usbd_cdc_if.c **** 
  80:USB_DEVICE/App/usbd_cdc_if.c **** /**
  81:USB_DEVICE/App/usbd_cdc_if.c ****   * @}
  82:USB_DEVICE/App/usbd_cdc_if.c ****   */
  83:USB_DEVICE/App/usbd_cdc_if.c **** 
  84:USB_DEVICE/App/usbd_cdc_if.c **** /** @defgroup USBD_CDC_IF_Private_Variables USBD_CDC_IF_Private_Variables
  85:USB_DEVICE/App/usbd_cdc_if.c ****   * @brief Private variables.
  86:USB_DEVICE/App/usbd_cdc_if.c ****   * @{
  87:USB_DEVICE/App/usbd_cdc_if.c ****   */
  88:USB_DEVICE/App/usbd_cdc_if.c **** /* Create buffer for reception and transmission           */
  89:USB_DEVICE/App/usbd_cdc_if.c **** /* It's up to user to redefine and/or remove those define */
  90:USB_DEVICE/App/usbd_cdc_if.c **** /** Received data over USB are stored in this buffer      */
ARM GAS  /tmp/ccpXykE7.s 			page 3


  91:USB_DEVICE/App/usbd_cdc_if.c **** uint8_t UserRxBufferFS[APP_RX_DATA_SIZE];
  92:USB_DEVICE/App/usbd_cdc_if.c **** 
  93:USB_DEVICE/App/usbd_cdc_if.c **** /** Data to send over USB CDC are stored in this buffer   */
  94:USB_DEVICE/App/usbd_cdc_if.c **** uint8_t UserTxBufferFS[APP_TX_DATA_SIZE];
  95:USB_DEVICE/App/usbd_cdc_if.c **** 
  96:USB_DEVICE/App/usbd_cdc_if.c **** /* USER CODE BEGIN PRIVATE_VARIABLES */
  97:USB_DEVICE/App/usbd_cdc_if.c **** 
  98:USB_DEVICE/App/usbd_cdc_if.c **** /* USER CODE END PRIVATE_VARIABLES */
  99:USB_DEVICE/App/usbd_cdc_if.c **** 
 100:USB_DEVICE/App/usbd_cdc_if.c **** /**
 101:USB_DEVICE/App/usbd_cdc_if.c ****   * @}
 102:USB_DEVICE/App/usbd_cdc_if.c ****   */
 103:USB_DEVICE/App/usbd_cdc_if.c **** 
 104:USB_DEVICE/App/usbd_cdc_if.c **** /** @defgroup USBD_CDC_IF_Exported_Variables USBD_CDC_IF_Exported_Variables
 105:USB_DEVICE/App/usbd_cdc_if.c ****   * @brief Public variables.
 106:USB_DEVICE/App/usbd_cdc_if.c ****   * @{
 107:USB_DEVICE/App/usbd_cdc_if.c ****   */
 108:USB_DEVICE/App/usbd_cdc_if.c **** 
 109:USB_DEVICE/App/usbd_cdc_if.c **** extern USBD_HandleTypeDef hUsbDeviceFS;
 110:USB_DEVICE/App/usbd_cdc_if.c **** 
 111:USB_DEVICE/App/usbd_cdc_if.c **** /* USER CODE BEGIN EXPORTED_VARIABLES */
 112:USB_DEVICE/App/usbd_cdc_if.c **** 
 113:USB_DEVICE/App/usbd_cdc_if.c **** /* USER CODE END EXPORTED_VARIABLES */
 114:USB_DEVICE/App/usbd_cdc_if.c **** 
 115:USB_DEVICE/App/usbd_cdc_if.c **** /**
 116:USB_DEVICE/App/usbd_cdc_if.c ****   * @}
 117:USB_DEVICE/App/usbd_cdc_if.c ****   */
 118:USB_DEVICE/App/usbd_cdc_if.c **** 
 119:USB_DEVICE/App/usbd_cdc_if.c **** /** @defgroup USBD_CDC_IF_Private_FunctionPrototypes USBD_CDC_IF_Private_FunctionPrototypes
 120:USB_DEVICE/App/usbd_cdc_if.c ****   * @brief Private functions declaration.
 121:USB_DEVICE/App/usbd_cdc_if.c ****   * @{
 122:USB_DEVICE/App/usbd_cdc_if.c ****   */
 123:USB_DEVICE/App/usbd_cdc_if.c **** 
 124:USB_DEVICE/App/usbd_cdc_if.c **** static int8_t CDC_Init_FS(void);
 125:USB_DEVICE/App/usbd_cdc_if.c **** static int8_t CDC_DeInit_FS(void);
 126:USB_DEVICE/App/usbd_cdc_if.c **** static int8_t CDC_Control_FS(uint8_t cmd, uint8_t* pbuf, uint16_t length);
 127:USB_DEVICE/App/usbd_cdc_if.c **** static int8_t CDC_Receive_FS(uint8_t* pbuf, uint32_t *Len);
 128:USB_DEVICE/App/usbd_cdc_if.c **** 
 129:USB_DEVICE/App/usbd_cdc_if.c **** /* USER CODE BEGIN PRIVATE_FUNCTIONS_DECLARATION */
 130:USB_DEVICE/App/usbd_cdc_if.c **** 
 131:USB_DEVICE/App/usbd_cdc_if.c **** /* USER CODE END PRIVATE_FUNCTIONS_DECLARATION */
 132:USB_DEVICE/App/usbd_cdc_if.c **** 
 133:USB_DEVICE/App/usbd_cdc_if.c **** /**
 134:USB_DEVICE/App/usbd_cdc_if.c ****   * @}
 135:USB_DEVICE/App/usbd_cdc_if.c ****   */
 136:USB_DEVICE/App/usbd_cdc_if.c **** 
 137:USB_DEVICE/App/usbd_cdc_if.c **** USBD_CDC_ItfTypeDef USBD_Interface_fops_FS =
 138:USB_DEVICE/App/usbd_cdc_if.c **** {
 139:USB_DEVICE/App/usbd_cdc_if.c ****   CDC_Init_FS,
 140:USB_DEVICE/App/usbd_cdc_if.c ****   CDC_DeInit_FS,
 141:USB_DEVICE/App/usbd_cdc_if.c ****   CDC_Control_FS,
 142:USB_DEVICE/App/usbd_cdc_if.c ****   CDC_Receive_FS
 143:USB_DEVICE/App/usbd_cdc_if.c **** };
 144:USB_DEVICE/App/usbd_cdc_if.c **** 
 145:USB_DEVICE/App/usbd_cdc_if.c **** /* Private functions ---------------------------------------------------------*/
 146:USB_DEVICE/App/usbd_cdc_if.c **** /**
 147:USB_DEVICE/App/usbd_cdc_if.c ****   * @brief  Initializes the CDC media low layer over the FS USB IP
ARM GAS  /tmp/ccpXykE7.s 			page 4


 148:USB_DEVICE/App/usbd_cdc_if.c ****   * @retval USBD_OK if all operations are OK else USBD_FAIL
 149:USB_DEVICE/App/usbd_cdc_if.c ****   */
 150:USB_DEVICE/App/usbd_cdc_if.c **** static int8_t CDC_Init_FS(void)
 151:USB_DEVICE/App/usbd_cdc_if.c **** {
 152:USB_DEVICE/App/usbd_cdc_if.c ****   /* USER CODE BEGIN 3 */
 153:USB_DEVICE/App/usbd_cdc_if.c ****   /* Set Application Buffers */
 154:USB_DEVICE/App/usbd_cdc_if.c ****   USBD_CDC_SetTxBuffer(&hUsbDeviceFS, UserTxBufferFS, 0);
 155:USB_DEVICE/App/usbd_cdc_if.c ****   USBD_CDC_SetRxBuffer(&hUsbDeviceFS, UserRxBufferFS);
 156:USB_DEVICE/App/usbd_cdc_if.c ****   return (USBD_OK);
 157:USB_DEVICE/App/usbd_cdc_if.c ****   /* USER CODE END 3 */
 158:USB_DEVICE/App/usbd_cdc_if.c **** }
 159:USB_DEVICE/App/usbd_cdc_if.c **** 
 160:USB_DEVICE/App/usbd_cdc_if.c **** /**
 161:USB_DEVICE/App/usbd_cdc_if.c ****   * @brief  DeInitializes the CDC media low layer
 162:USB_DEVICE/App/usbd_cdc_if.c ****   * @retval USBD_OK if all operations are OK else USBD_FAIL
 163:USB_DEVICE/App/usbd_cdc_if.c ****   */
 164:USB_DEVICE/App/usbd_cdc_if.c **** static int8_t CDC_DeInit_FS(void)
 165:USB_DEVICE/App/usbd_cdc_if.c **** {
  26              		.loc 1 165 1 view -0
  27              		.cfi_startproc
  28              		@ args = 0, pretend = 0, frame = 0
  29              		@ frame_needed = 0, uses_anonymous_args = 0
  30              		@ link register save eliminated.
 166:USB_DEVICE/App/usbd_cdc_if.c ****   /* USER CODE BEGIN 4 */
 167:USB_DEVICE/App/usbd_cdc_if.c ****   return (USBD_OK);
  31              		.loc 1 167 3 view .LVU1
 168:USB_DEVICE/App/usbd_cdc_if.c ****   /* USER CODE END 4 */
 169:USB_DEVICE/App/usbd_cdc_if.c **** }
  32              		.loc 1 169 1 is_stmt 0 view .LVU2
  33 0000 0020     		movs	r0, #0
  34 0002 7047     		bx	lr
  35              		.cfi_endproc
  36              	.LFE69:
  38              		.section	.text.CDC_Control_FS,"ax",%progbits
  39              		.align	1
  40              		.syntax unified
  41              		.thumb
  42              		.thumb_func
  44              	CDC_Control_FS:
  45              	.LVL0:
  46              	.LFB70:
 170:USB_DEVICE/App/usbd_cdc_if.c **** 
 171:USB_DEVICE/App/usbd_cdc_if.c **** /**
 172:USB_DEVICE/App/usbd_cdc_if.c ****   * @brief  Manage the CDC class requests
 173:USB_DEVICE/App/usbd_cdc_if.c ****   * @param  cmd: Command code
 174:USB_DEVICE/App/usbd_cdc_if.c ****   * @param  pbuf: Buffer containing command data (request parameters)
 175:USB_DEVICE/App/usbd_cdc_if.c ****   * @param  length: Number of data to be sent (in bytes)
 176:USB_DEVICE/App/usbd_cdc_if.c ****   * @retval Result of the operation: USBD_OK if all operations are OK else USBD_FAIL
 177:USB_DEVICE/App/usbd_cdc_if.c ****   */
 178:USB_DEVICE/App/usbd_cdc_if.c **** static int8_t CDC_Control_FS(uint8_t cmd, uint8_t* pbuf, uint16_t length)
 179:USB_DEVICE/App/usbd_cdc_if.c **** {
  47              		.loc 1 179 1 is_stmt 1 view -0
  48              		.cfi_startproc
  49              		@ args = 0, pretend = 0, frame = 0
  50              		@ frame_needed = 0, uses_anonymous_args = 0
  51              		@ link register save eliminated.
 180:USB_DEVICE/App/usbd_cdc_if.c ****   /* USER CODE BEGIN 5 */
ARM GAS  /tmp/ccpXykE7.s 			page 5


 181:USB_DEVICE/App/usbd_cdc_if.c ****   switch (cmd)
  52              		.loc 1 181 3 view .LVU4
 182:USB_DEVICE/App/usbd_cdc_if.c ****   {
 183:USB_DEVICE/App/usbd_cdc_if.c ****   case CDC_SEND_ENCAPSULATED_COMMAND:
 184:USB_DEVICE/App/usbd_cdc_if.c **** 
 185:USB_DEVICE/App/usbd_cdc_if.c ****     break;
 186:USB_DEVICE/App/usbd_cdc_if.c **** 
 187:USB_DEVICE/App/usbd_cdc_if.c ****   case CDC_GET_ENCAPSULATED_RESPONSE:
 188:USB_DEVICE/App/usbd_cdc_if.c **** 
 189:USB_DEVICE/App/usbd_cdc_if.c ****     break;
 190:USB_DEVICE/App/usbd_cdc_if.c **** 
 191:USB_DEVICE/App/usbd_cdc_if.c ****   case CDC_SET_COMM_FEATURE:
 192:USB_DEVICE/App/usbd_cdc_if.c **** 
 193:USB_DEVICE/App/usbd_cdc_if.c ****     break;
 194:USB_DEVICE/App/usbd_cdc_if.c **** 
 195:USB_DEVICE/App/usbd_cdc_if.c ****   case CDC_GET_COMM_FEATURE:
 196:USB_DEVICE/App/usbd_cdc_if.c **** 
 197:USB_DEVICE/App/usbd_cdc_if.c ****     break;
 198:USB_DEVICE/App/usbd_cdc_if.c **** 
 199:USB_DEVICE/App/usbd_cdc_if.c ****   case CDC_CLEAR_COMM_FEATURE:
 200:USB_DEVICE/App/usbd_cdc_if.c **** 
 201:USB_DEVICE/App/usbd_cdc_if.c ****     break;
 202:USB_DEVICE/App/usbd_cdc_if.c **** 
 203:USB_DEVICE/App/usbd_cdc_if.c ****     /*******************************************************************************/
 204:USB_DEVICE/App/usbd_cdc_if.c ****     /* Line Coding Structure                                                       */
 205:USB_DEVICE/App/usbd_cdc_if.c ****     /*-----------------------------------------------------------------------------*/
 206:USB_DEVICE/App/usbd_cdc_if.c ****     /* Offset | Field       | Size | Value  | Description                          */
 207:USB_DEVICE/App/usbd_cdc_if.c ****     /* 0      | dwDTERate   |   4  | Number |Data terminal rate, in bits per second*/
 208:USB_DEVICE/App/usbd_cdc_if.c ****     /* 4      | bCharFormat |   1  | Number | Stop bits                            */
 209:USB_DEVICE/App/usbd_cdc_if.c ****     /*                                        0 - 1 Stop bit                       */
 210:USB_DEVICE/App/usbd_cdc_if.c ****     /*                                        1 - 1.5 Stop bits                    */
 211:USB_DEVICE/App/usbd_cdc_if.c ****     /*                                        2 - 2 Stop bits                      */
 212:USB_DEVICE/App/usbd_cdc_if.c ****     /* 5      | bParityType |  1   | Number | Parity                               */
 213:USB_DEVICE/App/usbd_cdc_if.c ****     /*                                        0 - None                             */
 214:USB_DEVICE/App/usbd_cdc_if.c ****     /*                                        1 - Odd                              */
 215:USB_DEVICE/App/usbd_cdc_if.c ****     /*                                        2 - Even                             */
 216:USB_DEVICE/App/usbd_cdc_if.c ****     /*                                        3 - Mark                             */
 217:USB_DEVICE/App/usbd_cdc_if.c ****     /*                                        4 - Space                            */
 218:USB_DEVICE/App/usbd_cdc_if.c ****     /* 6      | bDataBits  |   1   | Number Data bits (5, 6, 7, 8 or 16).          */
 219:USB_DEVICE/App/usbd_cdc_if.c ****     /*******************************************************************************/
 220:USB_DEVICE/App/usbd_cdc_if.c ****   case CDC_SET_LINE_CODING:
 221:USB_DEVICE/App/usbd_cdc_if.c **** 
 222:USB_DEVICE/App/usbd_cdc_if.c ****     break;
 223:USB_DEVICE/App/usbd_cdc_if.c **** 
 224:USB_DEVICE/App/usbd_cdc_if.c ****   case CDC_GET_LINE_CODING:
 225:USB_DEVICE/App/usbd_cdc_if.c **** 
 226:USB_DEVICE/App/usbd_cdc_if.c ****     break;
 227:USB_DEVICE/App/usbd_cdc_if.c **** 
 228:USB_DEVICE/App/usbd_cdc_if.c ****   case CDC_SET_CONTROL_LINE_STATE:
 229:USB_DEVICE/App/usbd_cdc_if.c **** 
 230:USB_DEVICE/App/usbd_cdc_if.c ****     break;
 231:USB_DEVICE/App/usbd_cdc_if.c **** 
 232:USB_DEVICE/App/usbd_cdc_if.c ****   case CDC_SEND_BREAK:
 233:USB_DEVICE/App/usbd_cdc_if.c **** 
 234:USB_DEVICE/App/usbd_cdc_if.c ****     break;
 235:USB_DEVICE/App/usbd_cdc_if.c **** 
 236:USB_DEVICE/App/usbd_cdc_if.c ****   default:
ARM GAS  /tmp/ccpXykE7.s 			page 6


 237:USB_DEVICE/App/usbd_cdc_if.c ****     break;
 238:USB_DEVICE/App/usbd_cdc_if.c ****   }
 239:USB_DEVICE/App/usbd_cdc_if.c **** 
 240:USB_DEVICE/App/usbd_cdc_if.c ****   return (USBD_OK);
  53              		.loc 1 240 3 view .LVU5
 241:USB_DEVICE/App/usbd_cdc_if.c ****   /* USER CODE END 5 */
 242:USB_DEVICE/App/usbd_cdc_if.c **** }
  54              		.loc 1 242 1 is_stmt 0 view .LVU6
  55 0000 0020     		movs	r0, #0
  56              	.LVL1:
  57              		.loc 1 242 1 view .LVU7
  58 0002 7047     		bx	lr
  59              		.cfi_endproc
  60              	.LFE70:
  62              		.section	.text.CDC_Receive_FS,"ax",%progbits
  63              		.align	1
  64              		.syntax unified
  65              		.thumb
  66              		.thumb_func
  68              	CDC_Receive_FS:
  69              	.LVL2:
  70              	.LFB71:
 243:USB_DEVICE/App/usbd_cdc_if.c **** 
 244:USB_DEVICE/App/usbd_cdc_if.c **** /**
 245:USB_DEVICE/App/usbd_cdc_if.c ****   * @brief  Data received over USB OUT endpoint are sent over CDC interface
 246:USB_DEVICE/App/usbd_cdc_if.c ****   *         through this function.
 247:USB_DEVICE/App/usbd_cdc_if.c ****   *
 248:USB_DEVICE/App/usbd_cdc_if.c ****   *         @note
 249:USB_DEVICE/App/usbd_cdc_if.c ****   *         This function will issue a NAK packet on any OUT packet received on
 250:USB_DEVICE/App/usbd_cdc_if.c ****   *         USB endpoint until exiting this function. If you exit this function
 251:USB_DEVICE/App/usbd_cdc_if.c ****   *         before transfer is complete on CDC interface (ie. using DMA controller)
 252:USB_DEVICE/App/usbd_cdc_if.c ****   *         it will result in receiving more data while previous ones are still
 253:USB_DEVICE/App/usbd_cdc_if.c ****   *         not sent.
 254:USB_DEVICE/App/usbd_cdc_if.c ****   *
 255:USB_DEVICE/App/usbd_cdc_if.c ****   * @param  Buf: Buffer of data to be received
 256:USB_DEVICE/App/usbd_cdc_if.c ****   * @param  Len: Number of data received (in bytes)
 257:USB_DEVICE/App/usbd_cdc_if.c ****   * @retval Result of the operation: USBD_OK if all operations are OK else USBD_FAIL
 258:USB_DEVICE/App/usbd_cdc_if.c ****   */
 259:USB_DEVICE/App/usbd_cdc_if.c **** static int8_t CDC_Receive_FS(uint8_t* Buf, uint32_t *Len)
 260:USB_DEVICE/App/usbd_cdc_if.c **** {
  71              		.loc 1 260 1 is_stmt 1 view -0
  72              		.cfi_startproc
  73              		@ args = 0, pretend = 0, frame = 0
  74              		@ frame_needed = 0, uses_anonymous_args = 0
  75              		.loc 1 260 1 is_stmt 0 view .LVU9
  76 0000 10B5     		push	{r4, lr}
  77              	.LCFI0:
  78              		.cfi_def_cfa_offset 8
  79              		.cfi_offset 4, -8
  80              		.cfi_offset 14, -4
  81 0002 0146     		mov	r1, r0
  82              	.LVL3:
 261:USB_DEVICE/App/usbd_cdc_if.c ****   /* USER CODE BEGIN 6 */
 262:USB_DEVICE/App/usbd_cdc_if.c ****   USBD_CDC_SetRxBuffer(&hUsbDeviceFS, &Buf[0]);
  83              		.loc 1 262 3 is_stmt 1 view .LVU10
  84 0004 074C     		ldr	r4, .L5
  85 0006 2046     		mov	r0, r4
ARM GAS  /tmp/ccpXykE7.s 			page 7


  86              	.LVL4:
  87              		.loc 1 262 3 is_stmt 0 view .LVU11
  88 0008 FFF7FEFF 		bl	USBD_CDC_SetRxBuffer
  89              	.LVL5:
 263:USB_DEVICE/App/usbd_cdc_if.c **** 
 264:USB_DEVICE/App/usbd_cdc_if.c ****   HAL_GPIO_WritePin(LED_GPIO_Port, LED_Pin, SET);
  90              		.loc 1 264 3 is_stmt 1 view .LVU12
  91 000c 0122     		movs	r2, #1
  92 000e 4FF40051 		mov	r1, #8192
  93 0012 0548     		ldr	r0, .L5+4
  94 0014 FFF7FEFF 		bl	HAL_GPIO_WritePin
  95              	.LVL6:
 265:USB_DEVICE/App/usbd_cdc_if.c ****   // USB_APP_Receive(Buf, Len);
 266:USB_DEVICE/App/usbd_cdc_if.c **** 
 267:USB_DEVICE/App/usbd_cdc_if.c ****   USBD_CDC_ReceivePacket(&hUsbDeviceFS);
  96              		.loc 1 267 3 view .LVU13
  97 0018 2046     		mov	r0, r4
  98 001a FFF7FEFF 		bl	USBD_CDC_ReceivePacket
  99              	.LVL7:
 268:USB_DEVICE/App/usbd_cdc_if.c ****   return (USBD_OK);
 100              		.loc 1 268 3 view .LVU14
 269:USB_DEVICE/App/usbd_cdc_if.c ****   /* USER CODE END 6 */
 270:USB_DEVICE/App/usbd_cdc_if.c **** }
 101              		.loc 1 270 1 is_stmt 0 view .LVU15
 102 001e 0020     		movs	r0, #0
 103 0020 10BD     		pop	{r4, pc}
 104              	.L6:
 105 0022 00BF     		.align	2
 106              	.L5:
 107 0024 00000000 		.word	hUsbDeviceFS
 108 0028 00100140 		.word	1073811456
 109              		.cfi_endproc
 110              	.LFE71:
 112              		.section	.text.CDC_Init_FS,"ax",%progbits
 113              		.align	1
 114              		.syntax unified
 115              		.thumb
 116              		.thumb_func
 118              	CDC_Init_FS:
 119              	.LFB68:
 151:USB_DEVICE/App/usbd_cdc_if.c ****   /* USER CODE BEGIN 3 */
 120              		.loc 1 151 1 is_stmt 1 view -0
 121              		.cfi_startproc
 122              		@ args = 0, pretend = 0, frame = 0
 123              		@ frame_needed = 0, uses_anonymous_args = 0
 124 0000 10B5     		push	{r4, lr}
 125              	.LCFI1:
 126              		.cfi_def_cfa_offset 8
 127              		.cfi_offset 4, -8
 128              		.cfi_offset 14, -4
 154:USB_DEVICE/App/usbd_cdc_if.c ****   USBD_CDC_SetRxBuffer(&hUsbDeviceFS, UserRxBufferFS);
 129              		.loc 1 154 3 view .LVU17
 130 0002 064C     		ldr	r4, .L9
 131 0004 0022     		movs	r2, #0
 132 0006 0649     		ldr	r1, .L9+4
 133 0008 2046     		mov	r0, r4
 134 000a FFF7FEFF 		bl	USBD_CDC_SetTxBuffer
ARM GAS  /tmp/ccpXykE7.s 			page 8


 135              	.LVL8:
 155:USB_DEVICE/App/usbd_cdc_if.c ****   return (USBD_OK);
 136              		.loc 1 155 3 view .LVU18
 137 000e 0549     		ldr	r1, .L9+8
 138 0010 2046     		mov	r0, r4
 139 0012 FFF7FEFF 		bl	USBD_CDC_SetRxBuffer
 140              	.LVL9:
 156:USB_DEVICE/App/usbd_cdc_if.c ****   /* USER CODE END 3 */
 141              		.loc 1 156 3 view .LVU19
 158:USB_DEVICE/App/usbd_cdc_if.c **** 
 142              		.loc 1 158 1 is_stmt 0 view .LVU20
 143 0016 0020     		movs	r0, #0
 144 0018 10BD     		pop	{r4, pc}
 145              	.L10:
 146 001a 00BF     		.align	2
 147              	.L9:
 148 001c 00000000 		.word	hUsbDeviceFS
 149 0020 00000000 		.word	.LANCHOR0
 150 0024 00000000 		.word	.LANCHOR1
 151              		.cfi_endproc
 152              	.LFE68:
 154              		.section	.text.CDC_Transmit_FS,"ax",%progbits
 155              		.align	1
 156              		.global	CDC_Transmit_FS
 157              		.syntax unified
 158              		.thumb
 159              		.thumb_func
 161              	CDC_Transmit_FS:
 162              	.LVL10:
 163              	.LFB72:
 271:USB_DEVICE/App/usbd_cdc_if.c **** 
 272:USB_DEVICE/App/usbd_cdc_if.c **** /**
 273:USB_DEVICE/App/usbd_cdc_if.c ****   * @brief  CDC_Transmit_FS
 274:USB_DEVICE/App/usbd_cdc_if.c ****   *         Data to send over USB IN endpoint are sent over CDC interface
 275:USB_DEVICE/App/usbd_cdc_if.c ****   *         through this function.
 276:USB_DEVICE/App/usbd_cdc_if.c ****   *         @note
 277:USB_DEVICE/App/usbd_cdc_if.c ****   *
 278:USB_DEVICE/App/usbd_cdc_if.c ****   *
 279:USB_DEVICE/App/usbd_cdc_if.c ****   * @param  Buf: Buffer of data to be sent
 280:USB_DEVICE/App/usbd_cdc_if.c ****   * @param  Len: Number of data to be sent (in bytes)
 281:USB_DEVICE/App/usbd_cdc_if.c ****   * @retval USBD_OK if all operations are OK else USBD_FAIL or USBD_BUSY
 282:USB_DEVICE/App/usbd_cdc_if.c ****   */
 283:USB_DEVICE/App/usbd_cdc_if.c **** uint8_t CDC_Transmit_FS(uint8_t* Buf, uint16_t Len)
 284:USB_DEVICE/App/usbd_cdc_if.c **** {
 164              		.loc 1 284 1 is_stmt 1 view -0
 165              		.cfi_startproc
 166              		@ args = 0, pretend = 0, frame = 0
 167              		@ frame_needed = 0, uses_anonymous_args = 0
 285:USB_DEVICE/App/usbd_cdc_if.c ****   uint8_t result = USBD_OK;
 168              		.loc 1 285 3 view .LVU22
 286:USB_DEVICE/App/usbd_cdc_if.c ****   /* USER CODE BEGIN 7 */
 287:USB_DEVICE/App/usbd_cdc_if.c ****   USBD_CDC_HandleTypeDef *hcdc = (USBD_CDC_HandleTypeDef *)hUsbDeviceFS.pClassData;
 169              		.loc 1 287 3 view .LVU23
 170              		.loc 1 287 27 is_stmt 0 view .LVU24
 171 0000 094B     		ldr	r3, .L19
 172 0002 D3F8B832 		ldr	r3, [r3, #696]
 173              	.LVL11:
ARM GAS  /tmp/ccpXykE7.s 			page 9


 288:USB_DEVICE/App/usbd_cdc_if.c ****   if (hcdc->TxState != 0)
 174              		.loc 1 288 3 is_stmt 1 view .LVU25
 175              		.loc 1 288 11 is_stmt 0 view .LVU26
 176 0006 D3F81432 		ldr	r3, [r3, #532]
 177              	.LVL12:
 178              		.loc 1 288 6 view .LVU27
 179 000a 0BB1     		cbz	r3, .L18
 289:USB_DEVICE/App/usbd_cdc_if.c ****   {
 290:USB_DEVICE/App/usbd_cdc_if.c ****     return USBD_BUSY;
 180              		.loc 1 290 12 view .LVU28
 181 000c 0120     		movs	r0, #1
 182              	.LVL13:
 291:USB_DEVICE/App/usbd_cdc_if.c ****   }
 292:USB_DEVICE/App/usbd_cdc_if.c ****   USBD_CDC_SetTxBuffer(&hUsbDeviceFS, Buf, Len);
 293:USB_DEVICE/App/usbd_cdc_if.c ****   result = USBD_CDC_TransmitPacket(&hUsbDeviceFS);
 294:USB_DEVICE/App/usbd_cdc_if.c ****   /* USER CODE END 7 */
 295:USB_DEVICE/App/usbd_cdc_if.c ****   return result;
 296:USB_DEVICE/App/usbd_cdc_if.c **** }
 183              		.loc 1 296 1 view .LVU29
 184 000e 7047     		bx	lr
 185              	.LVL14:
 186              	.L18:
 284:USB_DEVICE/App/usbd_cdc_if.c ****   uint8_t result = USBD_OK;
 187              		.loc 1 284 1 view .LVU30
 188 0010 10B5     		push	{r4, lr}
 189              	.LCFI2:
 190              		.cfi_def_cfa_offset 8
 191              		.cfi_offset 4, -8
 192              		.cfi_offset 14, -4
 292:USB_DEVICE/App/usbd_cdc_if.c ****   result = USBD_CDC_TransmitPacket(&hUsbDeviceFS);
 193              		.loc 1 292 3 is_stmt 1 view .LVU31
 194 0012 054C     		ldr	r4, .L19
 195              	.LVL15:
 292:USB_DEVICE/App/usbd_cdc_if.c ****   result = USBD_CDC_TransmitPacket(&hUsbDeviceFS);
 196              		.loc 1 292 3 is_stmt 0 view .LVU32
 197 0014 0A46     		mov	r2, r1
 198 0016 0146     		mov	r1, r0
 199              	.LVL16:
 292:USB_DEVICE/App/usbd_cdc_if.c ****   result = USBD_CDC_TransmitPacket(&hUsbDeviceFS);
 200              		.loc 1 292 3 view .LVU33
 201 0018 2046     		mov	r0, r4
 202              	.LVL17:
 292:USB_DEVICE/App/usbd_cdc_if.c ****   result = USBD_CDC_TransmitPacket(&hUsbDeviceFS);
 203              		.loc 1 292 3 view .LVU34
 204 001a FFF7FEFF 		bl	USBD_CDC_SetTxBuffer
 205              	.LVL18:
 293:USB_DEVICE/App/usbd_cdc_if.c ****   /* USER CODE END 7 */
 206              		.loc 1 293 3 is_stmt 1 view .LVU35
 293:USB_DEVICE/App/usbd_cdc_if.c ****   /* USER CODE END 7 */
 207              		.loc 1 293 12 is_stmt 0 view .LVU36
 208 001e 2046     		mov	r0, r4
 209 0020 FFF7FEFF 		bl	USBD_CDC_TransmitPacket
 210              	.LVL19:
 295:USB_DEVICE/App/usbd_cdc_if.c **** }
 211              		.loc 1 295 3 is_stmt 1 view .LVU37
 212              		.loc 1 296 1 is_stmt 0 view .LVU38
 213 0024 10BD     		pop	{r4, pc}
ARM GAS  /tmp/ccpXykE7.s 			page 10


 214              	.L20:
 215 0026 00BF     		.align	2
 216              	.L19:
 217 0028 00000000 		.word	hUsbDeviceFS
 218              		.cfi_endproc
 219              	.LFE72:
 221              		.global	USBD_Interface_fops_FS
 222              		.global	UserTxBufferFS
 223              		.global	UserRxBufferFS
 224              		.section	.bss.UserRxBufferFS,"aw",%nobits
 225              		.align	2
 226              		.set	.LANCHOR1,. + 0
 229              	UserRxBufferFS:
 230 0000 00000000 		.space	1000
 230      00000000 
 230      00000000 
 230      00000000 
 230      00000000 
 231              		.section	.bss.UserTxBufferFS,"aw",%nobits
 232              		.align	2
 233              		.set	.LANCHOR0,. + 0
 236              	UserTxBufferFS:
 237 0000 00000000 		.space	1000
 237      00000000 
 237      00000000 
 237      00000000 
 237      00000000 
 238              		.section	.data.USBD_Interface_fops_FS,"aw"
 239              		.align	2
 242              	USBD_Interface_fops_FS:
 243 0000 00000000 		.word	CDC_Init_FS
 244 0004 00000000 		.word	CDC_DeInit_FS
 245 0008 00000000 		.word	CDC_Control_FS
 246 000c 00000000 		.word	CDC_Receive_FS
 247              		.text
 248              	.Letext0:
 249              		.file 2 "/home/mark/toolchains/gcc-arm-none-eabi-10.3-2021.10/arm-none-eabi/include/machine/_defau
 250              		.file 3 "/home/mark/toolchains/gcc-arm-none-eabi-10.3-2021.10/arm-none-eabi/include/sys/_stdint.h"
 251              		.file 4 "Drivers/CMSIS/Device/ST/STM32F1xx/Include/stm32f103xb.h"
 252              		.file 5 "Middlewares/ST/STM32_USB_Device_Library/Core/Inc/usbd_def.h"
 253              		.file 6 "Drivers/CMSIS/Device/ST/STM32F1xx/Include/stm32f1xx.h"
 254              		.file 7 "Middlewares/ST/STM32_USB_Device_Library/Class/CDC/Inc/usbd_cdc.h"
 255              		.file 8 "USB_DEVICE/App/usbd_cdc_if.h"
 256              		.file 9 "Drivers/STM32F1xx_HAL_Driver/Inc/stm32f1xx_hal_gpio.h"
ARM GAS  /tmp/ccpXykE7.s 			page 11


DEFINED SYMBOLS
                            *ABS*:0000000000000000 usbd_cdc_if.c
     /tmp/ccpXykE7.s:18     .text.CDC_DeInit_FS:0000000000000000 $t
     /tmp/ccpXykE7.s:23     .text.CDC_DeInit_FS:0000000000000000 CDC_DeInit_FS
     /tmp/ccpXykE7.s:39     .text.CDC_Control_FS:0000000000000000 $t
     /tmp/ccpXykE7.s:44     .text.CDC_Control_FS:0000000000000000 CDC_Control_FS
     /tmp/ccpXykE7.s:63     .text.CDC_Receive_FS:0000000000000000 $t
     /tmp/ccpXykE7.s:68     .text.CDC_Receive_FS:0000000000000000 CDC_Receive_FS
     /tmp/ccpXykE7.s:107    .text.CDC_Receive_FS:0000000000000024 $d
     /tmp/ccpXykE7.s:113    .text.CDC_Init_FS:0000000000000000 $t
     /tmp/ccpXykE7.s:118    .text.CDC_Init_FS:0000000000000000 CDC_Init_FS
     /tmp/ccpXykE7.s:148    .text.CDC_Init_FS:000000000000001c $d
     /tmp/ccpXykE7.s:155    .text.CDC_Transmit_FS:0000000000000000 $t
     /tmp/ccpXykE7.s:161    .text.CDC_Transmit_FS:0000000000000000 CDC_Transmit_FS
     /tmp/ccpXykE7.s:217    .text.CDC_Transmit_FS:0000000000000028 $d
     /tmp/ccpXykE7.s:242    .data.USBD_Interface_fops_FS:0000000000000000 USBD_Interface_fops_FS
     /tmp/ccpXykE7.s:236    .bss.UserTxBufferFS:0000000000000000 UserTxBufferFS
     /tmp/ccpXykE7.s:229    .bss.UserRxBufferFS:0000000000000000 UserRxBufferFS
     /tmp/ccpXykE7.s:225    .bss.UserRxBufferFS:0000000000000000 $d
     /tmp/ccpXykE7.s:232    .bss.UserTxBufferFS:0000000000000000 $d
     /tmp/ccpXykE7.s:239    .data.USBD_Interface_fops_FS:0000000000000000 $d

UNDEFINED SYMBOLS
USBD_CDC_SetRxBuffer
HAL_GPIO_WritePin
USBD_CDC_ReceivePacket
hUsbDeviceFS
USBD_CDC_SetTxBuffer
USBD_CDC_TransmitPacket
